<?xml version="1.0" encoding="UTF-8"?>
<!-- Generated by org.testng.reporters.JUnitReportReporter -->
<testsuite hostname="PC2017000216" failures="0" tests="2" name="day6.NewTest1" time="3.123" errors="0" timestamp="24 Sep 2022 06:16:54 GMT" skipped="0">
  <testcase classname="day6.NewTest1" name="TitleTest" time="0.415"/>
  <testcase classname="day6.NewTest1" name="Logintest" time="2.708"/>
</testsuite> <!-- day6.NewTest1 -->
