<?xml version="1.0" encoding="UTF-8"?>
<!-- Generated by org.testng.reporters.JUnitReportReporter -->
<testsuite hostname="PC2017000216" failures="0" tests="3" name="day6.NCDFI" time="27.818" errors="0" timestamp="2022-11-01T16:54:49 IST" skipped="0">
  <testcase classname="day6.NCDFI" name="TitleTest" time="5.089"/>
  <system-out/>
  <testcase classname="day6.NCDFI" name="Logintest" time="1.099"/>
  <system-out/>
  <testcase classname="day6.NCDFI" name="auctionmarket" time="21.630"/>
  <system-out/>
</testsuite> <!-- day6.NCDFI -->
