<?xml version="1.0" encoding="UTF-8"?>
<!-- Generated by org.testng.reporters.JUnitReportReporter -->
<testsuite hostname="PC2017000216" failures="0" tests="1" name="day6.scrooling" time="8.923" errors="0" timestamp="2022-10-08T10:48:15 IST" skipped="0">
  <testcase classname="day6.scrooling" name="f" time="8.923"/>
  <system-out/>
</testsuite> <!-- day6.scrooling -->
