<?xml version="1.0" encoding="UTF-8"?>
<!-- Generated by org.testng.reporters.JUnitReportReporter -->
<testsuite hostname="PC2017000216" failures="0" tests="1" name="day7.propertyfileExamples" time="4.063" errors="0" timestamp="2022-10-08T12:32:49 IST" skipped="0">
  <testcase classname="day7.propertyfileExamples" name="readProperty" time="4.063"/>
  <system-out/>
</testsuite> <!-- day7.propertyfileExamples -->
