<?xml version="1.0" encoding="UTF-8"?>
<!-- Generated by org.testng.reporters.JUnitReportReporter -->
<testsuite hostname="PC2017000216" failures="0" tests="1" name="day6.NewTest" time="0.009" errors="0" timestamp="24 Sep 2022 04:38:42 GMT" skipped="0">
  <testcase classname="day6.NewTest" name="f" time="0.009"/>
</testsuite> <!-- day6.NewTest -->
