<?xml version="1.0" encoding="UTF-8"?>
<!-- Generated by org.testng.reporters.JUnitReportReporter -->
<testsuite hostname="PC2017000216" failures="0" tests="1" name="day6.titleverification" time="0.665" errors="0" timestamp="24 Sep 2022 05:12:47 GMT" skipped="0">
  <testcase classname="day6.titleverification" name="TitleTest" time="0.665"/>
</testsuite> <!-- day6.titleverification -->
