<?xml version="1.0" encoding="UTF-8"?>
<!-- Generated by org.testng.reporters.JUnitReportReporter -->
<testsuite hostname="PC2017000216" failures="0" tests="1" name="day6.scrooling" time="19.836" errors="0" timestamp="08 Oct 2022 06:34:57 GMT" skipped="0">
  <testcase classname="day6.scrooling" name="f" time="19.836"/>
</testsuite> <!-- day6.scrooling -->
