<?xml version="1.0" encoding="UTF-8"?>
<!-- Generated by org.testng.reporters.JUnitReportReporter -->
<testsuite hostname="PC2017000216" failures="0" tests="3" name="continous_test.continous" time="12.154" errors="0" timestamp="30 May 2023 12:44:28 GMT" skipped="0">
  <testcase classname="continous_test.continous" name="loginpage" time="5.234"/>
  <testcase classname="continous_test.continous" name="loginTestseller" time="1.540"/>
  <testcase classname="continous_test.continous" name="Screenshot" time="5.380"/>
</testsuite> <!-- continous_test.continous -->
